Detecting compiler hash for triplet x64-windows...
The following packages will be built and installed:
  * egl-registry[core]:x64-windows -> 2021-11-23
    glad[core,loader]:x64-windows -> 0.1.36
    glfw3[core]:x64-windows -> 3.3.7
    glm[core]:x64-windows -> 0.9.9.8#1
    imgui[core,glfw-binding,opengl3-binding]:x64-windows -> 1.88#1
  * opengl-registry[core]:x64-windows -> 2021-11-17
  * vcpkg-cmake[core]:x64-windows -> 2022-07-18
  * vcpkg-cmake-config[core]:x64-windows -> 2022-02-06#1
Additional packages (*) will be modified to complete this operation.
Restored 8 package(s) from C:\Users\juded\AppData\Local\vcpkg\archives in 1.811 s. Use --debug to see more details.
Installing 1/8 vcpkg-cmake-config:x64-windows...
Elapsed time to handle vcpkg-cmake-config:x64-windows: 174.6 ms
Installing 2/8 vcpkg-cmake:x64-windows...
Elapsed time to handle vcpkg-cmake:x64-windows: 230.1 ms
Installing 3/8 egl-registry:x64-windows...
Elapsed time to handle egl-registry:x64-windows: 98.5 ms
Installing 4/8 opengl-registry:x64-windows...
Elapsed time to handle opengl-registry:x64-windows: 298.2 ms
Installing 5/8 glad:x64-windows...
Elapsed time to handle glad:x64-windows: 114.6 ms
Installing 6/8 glfw3:x64-windows...
Elapsed time to handle glfw3:x64-windows: 183.9 ms
Installing 7/8 glm:x64-windows...
Elapsed time to handle glm:x64-windows: 2.328 s
Installing 8/8 imgui:x64-windows...
Elapsed time to handle imgui:x64-windows: 158.6 ms

Total elapsed time: 18.44 s

glad provides CMake targets:
    # this is heuristically generated, and may not be correct
    find_package(glad CONFIG REQUIRED)
    target_link_libraries(main PRIVATE glad::glad)

glfw3 provides CMake targets:
    # this is heuristically generated, and may not be correct
    find_package(glfw3 CONFIG REQUIRED)
    target_link_libraries(main PRIVATE glfw)

glm provides CMake targets:
    # this is heuristically generated, and may not be correct
    find_package(glm CONFIG REQUIRED)
    target_link_libraries(main PRIVATE glm::glm)

imgui provides CMake targets:
    # this is heuristically generated, and may not be correct
    find_package(imgui CONFIG REQUIRED)
    target_link_libraries(main PRIVATE imgui::imgui)

