Detecting compiler hash for triplet x64-windows...
Detecting compiler hash for triplet x86-windows...
The following packages will be built and installed:
  * egl-registry[core]:x86-windows -> 2021-11-23
    glad[core,loader]:x86-windows -> 0.1.36
    glfw3[core]:x86-windows -> 3.3.7
    imgui[core,glfw-binding,opengl3-binding]:x86-windows -> 1.88#1
  * opengl-registry[core]:x86-windows -> 2021-11-17
  * vcpkg-cmake[core]:x64-windows -> 2022-07-18
  * vcpkg-cmake-config[core]:x64-windows -> 2022-02-06#1
Additional packages (*) will be modified to complete this operation.
Restored 7 package(s) from C:\Users\juded\AppData\Local\vcpkg\archives in 363.8 ms. Use --debug to see more details.
Installing 1/7 vcpkg-cmake-config:x64-windows...
Elapsed time to handle vcpkg-cmake-config:x64-windows: 72.92 ms
Installing 2/7 vcpkg-cmake:x64-windows...
Elapsed time to handle vcpkg-cmake:x64-windows: 159 ms
Installing 3/7 egl-registry:x86-windows...
Elapsed time to handle egl-registry:x86-windows: 129.8 ms
Installing 4/7 opengl-registry:x86-windows...
Elapsed time to handle opengl-registry:x86-windows: 221.4 ms
Installing 5/7 glad:x86-windows...
Elapsed time to handle glad:x86-windows: 90.83 ms
Installing 6/7 glfw3:x86-windows...
Elapsed time to handle glfw3:x86-windows: 201.9 ms
Installing 7/7 imgui:x86-windows...
Elapsed time to handle imgui:x86-windows: 182.8 ms

Total elapsed time: 10.26 s

glad provides CMake targets:
    # this is heuristically generated, and may not be correct
    find_package(glad CONFIG REQUIRED)
    target_link_libraries(main PRIVATE glad::glad)

glfw3 provides CMake targets:
    # this is heuristically generated, and may not be correct
    find_package(glfw3 CONFIG REQUIRED)
    target_link_libraries(main PRIVATE glfw)

imgui provides CMake targets:
    # this is heuristically generated, and may not be correct
    find_package(imgui CONFIG REQUIRED)
    target_link_libraries(main PRIVATE imgui::imgui)

